<?xml version="1.0" encoding="UTF-8"?>
<!-- Generated by org.testng.reporters.JUnitReportReporter -->
<testsuite hostname="DESKTOP-D2KIIH1" failures="0" tests="1" name="com.salesforce.test.AutomationScripts" time="3.672" errors="0" timestamp="2022-01-31T17:16:00 CST" skipped="0">
  <testcase classname="com.salesforce.test.AutomationScripts" name="LoginErrorMsg_1" time="3.672"/>
  <system-out/>
</testsuite> <!-- com.salesforce.test.AutomationScripts -->
