<?xml version="1.0" encoding="UTF-8"?>
<!-- Generated by org.testng.reporters.JUnitReportReporter -->
<testsuite skipped="0" hostname="DESKTOP-D2KIIH1" name="com.salesforce.tests.LoginTest" tests="2" failures="0" timestamp="2022-02-22T20:39:45 CST" time="18.108" errors="0">
  <testcase name="Forgot_Password_4B" time="11.353" classname="com.salesforce.tests.LoginTest"/>
  <system-out/>
  <testcase name="Forgot_Password_4A" time="6.755" classname="com.salesforce.tests.LoginTest"/>
  <system-out/>
</testsuite> <!-- com.salesforce.tests.LoginTest -->
