<?xml version="1.0" encoding="UTF-8"?>
<!-- Generated by org.testng.reporters.JUnitReportReporter -->
<testsuite hostname="DESKTOP-D2KIIH1" failures="0" tests="5" name="com.salesforce.tests.LoginTest" time="29.026" errors="0" timestamp="2022-02-12T22:48:23 CST" skipped="0">
  <testcase classname="com.salesforce.tests.LoginTest" name="ForgotPassword_4b" time="6.872"/>
  <system-out/>
  <testcase classname="com.salesforce.tests.LoginTest" name="LoginToSalesforce_2" time="4.813"/>
  <system-out/>
  <testcase classname="com.salesforce.tests.LoginTest" name="LoginErrorMsg_1" time="3.012"/>
  <system-out/>
  <testcase classname="com.salesforce.tests.LoginTest" name="ForgotPassword_4a" time="4.505"/>
  <system-out/>
  <testcase classname="com.salesforce.tests.LoginTest" name="CheckRememberMe_3" time="9.824"/>
  <system-out/>
</testsuite> <!-- com.salesforce.tests.LoginTest -->
