<?xml version="1.0" encoding="UTF-8"?>
<!-- Generated by org.testng.reporters.JUnitReportReporter -->
<testsuite hostname="DESKTOP-D2KIIH1" failures="0" tests="5" name="com.salesforce.tests.LoginTest" time="31.651" errors="0" timestamp="2022-02-11T18:45:00 CST" skipped="0">
  <testcase classname="com.salesforce.tests.LoginTest" name="ForgotPassword_4b" time="8.131"/>
  <system-out/>
  <testcase classname="com.salesforce.tests.LoginTest" name="LoginToSalesforce_2" time="5.775"/>
  <system-out/>
  <testcase classname="com.salesforce.tests.LoginTest" name="CheckRememberMe_3" time="9.905"/>
  <system-out/>
  <testcase classname="com.salesforce.tests.LoginTest" name="ForgotPassword_4a" time="3.779"/>
  <system-out/>
  <testcase classname="com.salesforce.tests.LoginTest" name="LoginErrorMsg_1" time="4.061"/>
  <system-out/>
</testsuite> <!-- com.salesforce.tests.LoginTest -->
